"../../../../../../Users/auldl/OneDrive/Documents/Unreal Projects/ShopTillYaDrop/Content/Blueprints/TopDownOverview.uasset" 0
"../../../../../../Users/auldl/OneDrive/Documents/Unreal Projects/ShopTillYaDrop/Content/Blueprints/Character/CharacterModels/PolygonCityChar/Characters/SK_Character_sSkeleton.uasset" 1
"../../../../../../Users/auldl/OneDrive/Documents/Unreal Projects/ShopTillYaDrop/Content/Blueprints/Character/CharacterModels/Animations/NewAnimBlueprint.uasset" 2
"../../../../../../Users/auldl/OneDrive/Documents/Unreal Projects/ShopTillYaDrop/Content/Blueprints/Character/CharacterModels/Animations/wheelbarrow_idle.uasset" 3
"../../../../../../Users/auldl/OneDrive/Documents/Unreal Projects/ShopTillYaDrop/Content/Blueprints/Character/CharacterModels/Animations/wheelbarrow_walk.uasset" 4
"../../../../../../Users/auldl/OneDrive/Documents/Unreal Projects/ShopTillYaDrop/Content/Blueprints/Character/CharacterModels/Animations/wheelbarrow_walk_turn.uasset" 5
"../../../../../../Users/auldl/OneDrive/Documents/Unreal Projects/ShopTillYaDrop/Content/Blueprints/Character/CharacterModels/PolygonCityChar/Characters/SK_Character_Biker.uasset" 6
"../../../../../../Users/auldl/OneDrive/Documents/Unreal Projects/ShopTillYaDrop/Content/Blueprints/Character/CharacterModels/PolygonCityChar/Characters/SK_Character_FastFoodGuy.uasset" 7
"../../../../../../Users/auldl/OneDrive/Documents/Unreal Projects/ShopTillYaDrop/Content/Blueprints/Character/CharacterModels/PolygonCityChar/Characters/SK_Character_FireFighter.uasset" 8
"../../../../../../Users/auldl/OneDrive/Documents/Unreal Projects/ShopTillYaDrop/Content/Blueprints/Character/CharacterModels/PolygonCityChar/Characters/SK_Character_GamerGirl.uasset" 9
"../../../../../../Users/auldl/OneDrive/Documents/Unreal Projects/ShopTillYaDrop/Content/Blueprints/Character/CharacterModels/PolygonCityChar/Characters/SK_Character_Gangster.uasset" 10
"../../../../../../Users/auldl/OneDrive/Documents/Unreal Projects/ShopTillYaDrop/Content/Blueprints/Character/CharacterModels/PolygonCityChar/Characters/SK_Character_Grandma.uasset" 11
"../../../../../../Users/auldl/OneDrive/Documents/Unreal Projects/ShopTillYaDrop/Content/Blueprints/Character/CharacterModels/PolygonCityChar/Characters/SK_Character_Grandpa.uasset" 12
"../../../../../../Users/auldl/OneDrive/Documents/Unreal Projects/ShopTillYaDrop/Content/Blueprints/Character/CharacterModels/PolygonCityChar/Characters/SK_Character_HipsterGirl.uasset" 13
"../../../../../../Users/auldl/OneDrive/Documents/Unreal Projects/ShopTillYaDrop/Content/Blueprints/Character/CharacterModels/PolygonCityChar/Characters/SK_Character_HipsterGuy.uasset" 14
"../../../../../../Users/auldl/OneDrive/Documents/Unreal Projects/ShopTillYaDrop/Content/Blueprints/Character/CharacterModels/PolygonCityChar/Characters/SK_Character_Hobo.uasset" 15
"../../../../../../Users/auldl/OneDrive/Documents/Unreal Projects/ShopTillYaDrop/Content/Blueprints/Character/CharacterModels/PolygonCityChar/Characters/SK_Character_Hotdog.uasset" 16
"../../../../../../Users/auldl/OneDrive/Documents/Unreal Projects/ShopTillYaDrop/Content/Blueprints/Character/CharacterModels/PolygonCityChar/Characters/SK_Character_Jock.uasset" 17
"../../../../../../Users/auldl/OneDrive/Documents/Unreal Projects/ShopTillYaDrop/Content/Blueprints/Character/CharacterModels/PolygonCityChar/Characters/SK_Character_Paramedic.uasset" 18
"../../../../../../Users/auldl/OneDrive/Documents/Unreal Projects/ShopTillYaDrop/Content/Blueprints/Character/CharacterModels/PolygonCityChar/Characters/SK_Character_PhysicsAsset.uasset" 19
"../../../../../../Users/auldl/OneDrive/Documents/Unreal Projects/ShopTillYaDrop/Content/Blueprints/Character/CharacterModels/PolygonCityChar/Characters/SK_Character_PunkGirl.uasset" 20
"../../../../../../Users/auldl/OneDrive/Documents/Unreal Projects/ShopTillYaDrop/Content/Blueprints/Character/CharacterModels/PolygonCityChar/Characters/SK_Character_PunkGuy.uasset" 21
"../../../../../../Users/auldl/OneDrive/Documents/Unreal Projects/ShopTillYaDrop/Content/Blueprints/Character/CharacterModels/PolygonCityChar/Characters/SK_Character_Roadworker.uasset" 22
"../../../../../../Users/auldl/OneDrive/Documents/Unreal Projects/ShopTillYaDrop/Content/Blueprints/Character/CharacterModels/PolygonCityChar/Characters/SK_Character_ShopKeeper.uasset" 23
"../../../Engine/Content/EngineMeshes/Humanoid.uasset" 24
"../../../../../../Users/auldl/OneDrive/Documents/Unreal Projects/ShopTillYaDrop/Content/Blueprints/Character/CharacterModels/PolygonCityChar/Characters/SK_Character_Skeleton.uasset" 25
"../../../../../../Users/auldl/OneDrive/Documents/Unreal Projects/ShopTillYaDrop/Content/Blueprints/Character/CharacterModels/PolygonCityChar/Characters/SK_Character_SummerGirl.uasset" 26
"../../../../../../Users/auldl/OneDrive/Documents/Unreal Projects/ShopTillYaDrop/Content/Blueprints/Character/CharacterModels/PolygonCityChar/Maps/Overview_BuiltData.uasset" 27
"../../../../../../Users/auldl/OneDrive/Documents/Unreal Projects/ShopTillYaDrop/Content/Blueprints/Character/CharacterModels/PolygonCityChar/Textures/T_Polygon_City_Characters_01_A.uasset" 28
"../../../../../../Users/auldl/OneDrive/Documents/Unreal Projects/ShopTillYaDrop/Content/Blueprints/Character/CharacterModels/PolygonCityChar/Materials/Mat_Polygon_City_Char_01.uasset" 29
"../../../../../../Users/auldl/OneDrive/Documents/Unreal Projects/ShopTillYaDrop/Content/Blueprints/Character/CharacterModels/PolygonCityChar/Textures/T_Polygon_City_Characters_02_A.uasset" 30
"../../../../../../Users/auldl/OneDrive/Documents/Unreal Projects/ShopTillYaDrop/Content/Blueprints/Character/CharacterModels/PolygonCityChar/Materials/Mat_Polygon_City_Char_02.uasset" 31
"../../../../../../Users/auldl/OneDrive/Documents/Unreal Projects/ShopTillYaDrop/Content/Blueprints/Character/CharacterModels/PolygonCityChar/Textures/T_Polygon_City_Characters_03_A.uasset" 32
"../../../../../../Users/auldl/OneDrive/Documents/Unreal Projects/ShopTillYaDrop/Content/Blueprints/Character/CharacterModels/PolygonCityChar/Materials/Mat_Polygon_City_Char_03.uasset" 33
"../../../../../../Users/auldl/OneDrive/Documents/Unreal Projects/ShopTillYaDrop/Content/Blueprints/Character/CharacterModels/PolygonCityChar/Textures/Alts/T_Polygon_City_Characters_01_B.uasset" 34
"../../../../../../Users/auldl/OneDrive/Documents/Unreal Projects/ShopTillYaDrop/Content/Blueprints/Character/CharacterModels/PolygonCityChar/Textures/Alts/T_Polygon_City_Characters_01_C.uasset" 35
"../../../../../../Users/auldl/OneDrive/Documents/Unreal Projects/ShopTillYaDrop/Content/Blueprints/Character/CharacterModels/PolygonCityChar/Textures/Alts/T_Polygon_City_Characters_02_B.uasset" 36
"../../../../../../Users/auldl/OneDrive/Documents/Unreal Projects/ShopTillYaDrop/Content/Blueprints/Character/CharacterModels/PolygonCityChar/Textures/Alts/T_Polygon_City_Characters_02_C.uasset" 37
"../../../../../../Users/auldl/OneDrive/Documents/Unreal Projects/ShopTillYaDrop/Content/Blueprints/Character/CharacterModels/PolygonCityChar/Textures/Alts/T_Polygon_City_Characters_03_B.uasset" 38
"../../../../../../Users/auldl/OneDrive/Documents/Unreal Projects/ShopTillYaDrop/Content/Blueprints/Character/CharacterModels/PolygonCityChar/Textures/Alts/T_Polygon_City_Characters_03_C.uasset" 39
"../../../../../../Users/auldl/OneDrive/Documents/Unreal Projects/ShopTillYaDrop/Content/Blueprints/Character/CharacterModels/PolygonCityChar/Textures/Alts/T_Polygon_City_Characters_04_B.uasset" 40
"../../../../../../Users/auldl/OneDrive/Documents/Unreal Projects/ShopTillYaDrop/Content/Blueprints/Character/CharacterModels/PolygonCityChar/Textures/Alts/T_Polygon_City_Characters_04_C.uasset" 41
"../../../../../../Users/auldl/OneDrive/Documents/Unreal Projects/ShopTillYaDrop/Content/Geometry/Meshes/CubeMaterial.uasset" 42
"../../../../../../Users/auldl/OneDrive/Documents/Unreal Projects/ShopTillYaDrop/Content/Geometry/Meshes/TemplateFloor.uasset" 43
"../../../../../../Users/auldl/OneDrive/Documents/Unreal Projects/ShopTillYaDrop/Content/Mannequin/Character/Mesh/UE4_Mannequin_Skeleton.uasset" 44
"../../../../../../Users/auldl/OneDrive/Documents/Unreal Projects/ShopTillYaDrop/Content/Mannequin/Animations/ThirdPersonJump_End.uasset" 45
"../../../../../../Users/auldl/OneDrive/Documents/Unreal Projects/ShopTillYaDrop/Content/Mannequin/Animations/ThirdPerson_Jump.uasset" 46
"../../../../../../Users/auldl/OneDrive/Documents/Unreal Projects/ShopTillYaDrop/Content/Mannequin/Animations/ThirdPersonJump_Loop.uasset" 47
"../../../../../../Users/auldl/OneDrive/Documents/Unreal Projects/ShopTillYaDrop/Content/Mannequin/Animations/ThirdPersonJump_Start.uasset" 48
"../../../../../../Users/auldl/OneDrive/Documents/Unreal Projects/ShopTillYaDrop/Content/Mannequin/Animations/ThirdPersonIdle.uasset" 49
"../../../../../../Users/auldl/OneDrive/Documents/Unreal Projects/ShopTillYaDrop/Content/Mannequin/Animations/ThirdPersonRun.uasset" 50
"../../../../../../Users/auldl/OneDrive/Documents/Unreal Projects/ShopTillYaDrop/Content/Mannequin/Animations/ThirdPersonWalk.uasset" 51
"../../../../../../Users/auldl/OneDrive/Documents/Unreal Projects/ShopTillYaDrop/Content/Mannequin/Animations/ThirdPerson_IdleRun_2D.uasset" 52
"../../../Engine/Content/EditorBlueprintResources/StandardMacros.uasset" 53
"../../../../../../Users/auldl/OneDrive/Documents/Unreal Projects/ShopTillYaDrop/Content/Mannequin/Animations/ThirdPerson_AnimBP.uasset" 54
"../../../Engine/Content/Functions/Engine_MaterialFunctions02/Utility/BlendAngleCorrectedNormals.uasset" 55
"../../../Engine/Content/Functions/MaterialLayerFunctions/MatLayerBlend_NormalBlend.uasset" 56
"../../../Engine/Content/Functions/MaterialLayerFunctions/MatLayerBlend_Simple.uasset" 57
"../../../../../../Users/auldl/OneDrive/Documents/Unreal Projects/ShopTillYaDrop/Content/Mannequin/Character/Materials/MaterialLayers/T_ML_Rubber_Blue_01_D.uasset" 58
"../../../../../../Users/auldl/OneDrive/Documents/Unreal Projects/ShopTillYaDrop/Content/Mannequin/Character/Materials/MaterialLayers/T_ML_Rubber_Blue_01_N.uasset" 59
"../../../../../../Users/auldl/OneDrive/Documents/Unreal Projects/ShopTillYaDrop/Content/Mannequin/Character/Materials/MaterialLayers/ML_GlossyBlack_Latex_UE4.uasset" 60
"../../../../../../Users/auldl/OneDrive/Documents/Unreal Projects/ShopTillYaDrop/Content/Mannequin/Character/Materials/MaterialLayers/ML_Plastic_Shiny_Beige.uasset" 61
"../../../../../../Users/auldl/OneDrive/Documents/Unreal Projects/ShopTillYaDrop/Content/Mannequin/Character/Textures/UE4_LOGO_CARD.uasset" 62
"../../../../../../Users/auldl/OneDrive/Documents/Unreal Projects/ShopTillYaDrop/Content/Mannequin/Character/Materials/MaterialLayers/ML_Plastic_Shiny_Beige_LOGO.uasset" 63
"../../../../../../Users/auldl/OneDrive/Documents/Unreal Projects/ShopTillYaDrop/Content/Mannequin/Character/Materials/MaterialLayers/T_ML_Aluminum01.uasset" 64
"../../../../../../Users/auldl/OneDrive/Documents/Unreal Projects/ShopTillYaDrop/Content/Mannequin/Character/Materials/MaterialLayers/T_ML_Aluminum01_N.uasset" 65
"../../../../../../Users/auldl/OneDrive/Documents/Unreal Projects/ShopTillYaDrop/Content/Mannequin/Character/Materials/MaterialLayers/ML_SoftMetal_UE4.uasset" 66
"../../../../../../Users/auldl/OneDrive/Documents/Unreal Projects/ShopTillYaDrop/Content/Mannequin/Character/Textures/UE4_Mannequin__normals.uasset" 67
"../../../../../../Users/auldl/OneDrive/Documents/Unreal Projects/ShopTillYaDrop/Content/Mannequin/Character/Textures/UE4_Mannequin_MAT_MASKA.uasset" 68
"../../../../../../Users/auldl/OneDrive/Documents/Unreal Projects/ShopTillYaDrop/Content/Mannequin/Character/Materials/M_UE4Man_Body.uasset" 69
"../../../../../../Users/auldl/OneDrive/Documents/Unreal Projects/ShopTillYaDrop/Content/Mannequin/Character/Textures/UE4Man_Logo_N.uasset" 70
"../../../../../../Users/auldl/OneDrive/Documents/Unreal Projects/ShopTillYaDrop/Content/Mannequin/Character/Materials/M_UE4Man_ChestLogo.uasset" 71
"../../../../../../Users/auldl/OneDrive/Documents/Unreal Projects/ShopTillYaDrop/Content/Mannequin/Character/Mesh/SK_Mannequin_PhysicsAsset.uasset" 72
"../../../../../../Users/auldl/OneDrive/Documents/Unreal Projects/ShopTillYaDrop/Content/Mannequin/Character/Mesh/SK_Mannequin.uasset" 73
"../../../Engine/Content/Animation/DefaultAnimCurveCompressionSettings.uasset" 74
"../../../Engine/Content/Functions/Engine_MaterialFunctions01/Opacity/CameraDepthFade.uasset" 75
"../../../Engine/Content/EngineMaterials/T_Default_Material_Grid_M.uasset" 76
"../../../Engine/Content/EngineMaterials/T_Default_Material_Grid_N.uasset" 77
"../../../Engine/Content/EngineMaterials/WorldGridMaterial.uasset" 78
"../../../Engine/Content/ArtTools/RenderToTexture/Meshes/S_1_Unit_Plane.uasset" 79
"../../../Engine/Content/EngineMaterials/DefaultMaterial.uasset" 80
"../../../Engine/Content/BasicShapes/Cone.uasset" 81
"../../../Engine/Content/BasicShapes/Cylinder.uasset" 82
"../../../Engine/Content/BasicShapes/Plane.uasset" 83
"../../../Engine/Content/BasicShapes/Sphere.uasset" 84
"../../../Engine/Content/EditorLandscapeResources/DataLayer.uasset" 85
"../../../Engine/Content/EditorMaterials/GizmoMaterial.uasset" 86
"../../../Engine/Content/EditorMaterials/MAT_Groups_Toggle.uasset" 87
"../../../Engine/Content/EditorMaterials/MAT_Groups_Visibility.uasset" 88
"../../../Engine/Content/EditorMaterials/PreviewShadowIndicator.uasset" 89
"../../../Engine/Content/EditorMaterials/PreviewShadowIndicatorMaterial.uasset" 90
"../../../Engine/Content/EditorMaterials/MatineeGroups/MAT_ColorTrack.uasset" 91
"../../../Engine/Content/EditorMaterials/MatineeGroups/MAT_Groups_Anim.uasset" 92
"../../../Engine/Content/EditorMaterials/MatineeGroups/MAT_Groups_AudioMaster.uasset" 93
"../../../Engine/Content/EditorMaterials/MatineeGroups/MAT_Groups_Director.uasset" 94
"../../../Engine/Content/EditorMaterials/MatineeGroups/MAT_Groups_Event.uasset" 95
"../../../Engine/Content/EditorMaterials/MatineeGroups/MAT_Groups_Fade.uasset" 96
"../../../Engine/Content/EditorMaterials/MatineeGroups/MAT_Groups_Float.uasset" 97
"../../../Engine/Content/EditorMaterials/MatineeGroups/MAT_Groups_Move.uasset" 98
"../../../Engine/Content/EditorMaterials/MatineeGroups/MAT_Groups_Slomo.uasset" 99
"../../../Engine/Content/EditorMaterials/MatineeGroups/MAT_Groups_Sound.uasset" 100
"../../../Engine/Content/EditorMaterials/MatineeGroups/MAT_Groups_Vector.uasset" 101
"../../../Engine/Content/EditorMaterials/ParticleSystems/PSysThumbnail_NoImage.uasset" 102
"../../../Engine/Content/EditorMaterials/ParticleSystems/PSysThumbnail_OOD.uasset" 103
"../../../Engine/Content/EditorMaterials/Camera/CineMat.uasset" 104
"../../../Engine/Content/EditorMaterials/Camera/MI_CineMat_Rig.uasset" 105
"../../../Engine/Content/EditorMeshes/Camera/SM_CraneRig_Arm.uasset" 106
"../../../Engine/Content/EditorMeshes/Camera/SM_CraneRig_Base.uasset" 107
"../../../Engine/Content/EditorMeshes/Camera/SM_CraneRig_Body.uasset" 108
"../../../Engine/Content/EditorMeshes/Camera/SM_CraneRig_Mount.uasset" 109
"../../../Engine/Content/EditorMeshes/Camera/SM_RailRig_Mount.uasset" 110
"../../../Engine/Content/EditorMeshes/Camera/SM_RailRig_Track.uasset" 111
"../../../Engine/Content/EditorResources/BSPVertex.uasset" 112
"../../../Engine/Content/EditorResources/EmptyActor.uasset" 113
"../../../Engine/Content/EditorResources/S_Actor.uasset" 114
"../../../Engine/Content/EditorResources/S_Note.uasset" 115
"../../../Engine/Content/EditorResources/S_Solver.uasset" 116
"../../../Engine/Content/EditorResources/S_Trigger.uasset" 117
"../../../Engine/Content/EditorResources/LightIcons/S_LightError.uasset" 118
"../../../Engine/Content/EditorResources/SequenceRecorder/Countdown.uasset" 119
"../../../Engine/Content/EditorResources/SequenceRecorder/RecordingIndicator.uasset" 120
"../../../Engine/Content/EditorSounds/Notifications/CompileFailed.uasset" 121
"../../../Engine/Content/EditorSounds/Notifications/CompileFailed_Cue.uasset" 122
"../../../Engine/Content/EditorSounds/Notifications/CompileSuccess.uasset" 123
"../../../Engine/Content/EditorSounds/Notifications/CompileStart_Cue.uasset" 124
"../../../Engine/Content/EditorSounds/Notifications/CompileSuccess_Cue.uasset" 125
"../../../Engine/Content/EngineDamageTypes/DmgTypeBP_Environmental.uasset" 126
"../../../Engine/Content/EngineDebugMaterials/HeatmapGradient.uasset" 127
"../../../Engine/Content/EngineDebugMaterials/BoneWeightMaterial.uasset" 128
"../../../Engine/Content/EngineDebugMaterials/ClothMaterial.uasset" 129
"../../../Engine/Content/EngineDebugMaterials/ClothMaterial_WF.uasset" 130
"../../../Engine/Content/EngineDebugMaterials/DebugEditorMaterial.uasset" 131
"../../../Engine/Content/EngineDebugMaterials/DebugMeshMaterial.uasset" 132
"../../../Engine/Content/EngineDebugMaterials/GeomMaterial.uasset" 133
"../../../Engine/Content/EngineDebugMaterials/M_SimpleTranslucent.uasset" 134
"../../../Engine/Content/Functions/Engine_MaterialFunctions02/Utility/CameraDirectionVector.uasset" 135
"../../../Engine/Content/EngineDebugMaterials/VolumeToRender.uasset" 136
"../../../Engine/Content/EngineDebugMaterials/M_VolumeRenderSphereTracePP.uasset" 137
"../../../Engine/Content/EngineDebugMaterials/WireframeMaterial.uasset" 138
"../../../Engine/Content/EngineFonts/Faces/RobotoBold.uasset" 139
"../../../Engine/Content/EngineFonts/Faces/RobotoBoldItalic.uasset" 140
"../../../Engine/Content/EngineFonts/Faces/RobotoItalic.uasset" 141
"../../../Engine/Content/EngineFonts/Faces/RobotoLight.uasset" 142
"../../../Engine/Content/EngineFonts/Faces/RobotoRegular.uasset" 143
"../../../Engine/Content/EngineFonts/Roboto.uasset" 144
"../../../Engine/Content/EngineMaterials/BaseFlattenDiffuseMap.uasset" 145
"../../../Engine/Content/EngineMaterials/BaseFlattenEmissiveMap.uasset" 146
"../../../Engine/Content/EngineMaterials/BaseFlattenGrayscaleMap.uasset" 147
"../../../Engine/Content/EngineMaterials/BaseFlattenNormalMap.uasset" 148
"../../../Engine/Content/EngineMaterials/BaseFlattenMaterial.uasset" 149
"../../../Engine/Content/EngineMaterials/BlueNoise.uasset" 150
"../../../Engine/Content/EngineMaterials/DefaultBloomKernel.uasset" 151
"../../../Engine/Content/EngineMaterials/DefaultBokeh.uasset" 152
"../../../Engine/Content/EngineMaterials/DefaultDiffuse.uasset" 153
"../../../Engine/Content/EngineMaterials/DefaultDeferredDecalMaterial.uasset" 154
"../../../Engine/Content/EngineMaterials/DefaultLightFunctionMaterial.uasset" 155
"../../../Engine/Content/EngineMaterials/DefaultPhysicalMaterial.uasset" 156
"../../../Engine/Content/Functions/Engine_MaterialFunctions02/Utility/BreakOutFloat2Components.uasset" 157
"../../../Engine/Content/EngineMaterials/DefaultPostProcessMaterial.uasset" 158
"../../../Engine/Content/EngineFonts/RobotoDistanceField.uasset" 159
"../../../Engine/Content/EngineMaterials/DefaultTextMaterialOpaque.uasset" 160
"../../../Engine/Content/EngineMaterials/DefaultVirtualTextureMaterial.uasset" 161
"../../../Engine/Content/EngineMaterials/DefaultWhiteGrid.uasset" 162
"../../../Engine/Content/EngineMaterials/EditorBrushMaterial.uasset" 163
"../../../Engine/Content/EngineMaterials/DefaultWhiteGrid_Low.uasset" 164
"../../../Engine/Content/EngineMaterials/EmissiveMeshMaterial.uasset" 165
"../../../Engine/Content/EngineMaterials/Good64x64TilingNoiseHighFreq.uasset" 166
"../../../Engine/Content/EngineMaterials/MiniFont.uasset" 167
"../../../Engine/Content/EngineMaterials/InvalidLightmapSettings.uasset" 168
"../../../Engine/Content/EngineMaterials/M_InvalidLightmapSettings.uasset" 169
"../../../Engine/Content/Functions/Engine_MaterialFunctions02/WorldPositionOffset/CameraOffset.uasset" 170
"../../../Engine/Content/EngineMaterials/PhAT_JointLimitMaterial.uasset" 171
"../../../Engine/Content/EngineMaterials/PreintegratedSkinBRDF.uasset" 172
"../../../Engine/Content/EngineMaterials/RemoveSurfaceMaterial.uasset" 173
"../../../Engine/Content/EngineMaterials/WeightMapPlaceholderTexture.uasset" 174
"../../../Engine/Content/EngineResources/WhiteSquareTexture.uasset" 175
"../../../Engine/Content/EngineMaterials/Widget3DPassThrough.uasset" 176
"../../../Engine/Content/EngineMaterials/Widget3DPassThrough_Masked.uasset" 177
"../../../Engine/Content/EngineMaterials/Widget3DPassThrough_Opaque.uasset" 178
"../../../Engine/Content/EngineMaterials/Widget3DPassThrough_Masked_OneSided.uasset" 179
"../../../Engine/Content/EngineMaterials/Widget3DPassThrough_Opaque_OneSided.uasset" 180
"../../../Engine/Content/EngineMaterials/Widget3DPassThrough_Translucent.uasset" 181
"../../../Engine/Content/EngineMaterials/Widget3DPassThrough_Translucent_OneSided.uasset" 182
"../../../Engine/Content/EngineMeshes/Cylinder.uasset" 183
"../../../Engine/Content/EngineMeshes/Sphere.uasset" 184
"../../../Engine/Content/EngineResources/Black.uasset" 185
"../../../Engine/Content/EngineResources/DefaultTexture.uasset" 186
"../../../Engine/Content/EngineResources/DefaultTextureCube.uasset" 187
"../../../Engine/Content/EngineResources/DefaultVolumeTexture2D.uasset" 188
"../../../Engine/Content/EngineResources/DefaultVolumeTexture.uasset" 189
"../../../Engine/Content/EngineResources/GradientTexture0.uasset" 190
"../../../Engine/Content/EngineSounds/Master.uasset" 191
"../../../Engine/Content/Functions/Engine_MaterialFunctions01/Shading/ConvertFromDiffSpec.uasset" 192
"../../../Engine/Content/Functions/Engine_MaterialFunctions01/Shading/PowerToRoughness.uasset" 193
"../../../Engine/Content/Maps/Templates/Thumbnails/Default.uasset" 194
"../../../Engine/Content/Maps/Templates/Thumbnails/VR-Basic.uasset" 195
"../../../Engine/Content/MobileResources/T_MobileControls_texture.uasset" 196
"../../../Engine/Content/MobileResources/T_MobileMenu2.uasset" 197
"../../../Engine/Content/MobileResources/HUD/AnalogHat.uasset" 198
"../../../Engine/Content/MobileResources/HUD/VirtualJoystick_Background.uasset" 199
"../../../Engine/Content/MobileResources/HUD/VirtualJoystick_Thumb.uasset" 200
"../../../Engine/Content/MobileResources/HUD/DefaultVirtualJoysticks.uasset" 201
"../../../Engine/Content/MobileResources/HUD/LeftVirtualJoystickOnly.uasset" 202
"../../../Engine/Content/MobileResources/HUD/MobileHUDButton1_off.uasset" 203
"../../../Engine/Content/MobileResources/HUD/MobileHUDButton1_on.uasset" 204
"../../../Engine/Content/MobileResources/HUD/MobileHUDButton2_off.uasset" 205
"../../../Engine/Content/MobileResources/HUD/MobileHUDButton2_on.uasset" 206
"../../../Engine/Content/MobileResources/HUD/MobileHUDButton3.uasset" 207
"../../../Engine/Content/MobileResources/HUD/MobileHUDButtonFire.uasset" 208
"../../../Engine/Content/MobileResources/HUD/MobileHUDDirectionPad.uasset" 209
"../../../Engine/Content/MobileResources/HUD/MobileHUDDirectionPad2.uasset" 210
"../../../Engine/Content/MobileResources/HUD/MobileHUDDirectionPad3.uasset" 211
"../../../Engine/Content/MobileResources/HUD/MobileHUDDirectionStick.uasset" 212
"../../../Engine/Content/MobileResources/HUD/T_Castle_ThumbstickInner.uasset" 213
"../../../Engine/Content/MobileResources/HUD/T_Castle_ThumbstickOutter.uasset" 214
"../../../Engine/Content/Tutorial/ContentIntroCurve.uasset" 215
"../../../Engine/Content/Tutorial/Basics/LevelEditorAttract.uasset" 216
"../../../Engine/Content/VREditor/LaserPointer/VR_LaserPower_01.uasset" 217
"../../../Engine/Content/VREditor/TransformGizmo/TransformGizmoMaterial.uasset" 218
"../../../Engine/Content/VREditor/TransformGizmo/TranslucentTransformGizmoMaterial.uasset" 219
"../../../Engine/Content/VREditor/TransformGizmo/BoundingBoxCorner.uasset" 220
"../../../Engine/Content/VREditor/TransformGizmo/BoundingBoxEdge.uasset" 221
"../../../Engine/Content/VREditor/TransformGizmo/PlaneTranslationHandle.uasset" 222
"../../../Engine/Content/VREditor/TransformGizmo/Main.uasset" 223
"../../../Engine/Content/VREditor/TransformGizmo/Xray.uasset" 224
"../../../Engine/Content/VREditor/TransformGizmo/SM_Sequencer_Key.uasset" 225
"../../../Engine/Content/VREditor/TransformGizmo/SM_Sequencer_Node.uasset" 226
"../../Plugins/2D/Paper2D/Content/PlaceholderTextures/DummySpriteTexture.uasset" 227
"../../Plugins/2D/Paper2D/Content/DummySprite.uasset" 228
"../../Plugins/2D/Paper2D/Content/DefaultPaperTerrainMaterial.uasset" 229
"../../Plugins/2D/Paper2D/Content/DummySpriteTexture.uasset" 230
"../../Plugins/2D/Paper2D/Content/DefaultSpriteMaterial.uasset" 231
"../../Plugins/2D/Paper2D/Content/MaskedUnlitSpriteMaterial.uasset" 232
"../../Plugins/2D/Paper2D/Content/OpaqueUnlitSpriteMaterial.uasset" 233
"../../Plugins/Runtime/Oculus/OculusVR/Content/OculusMR_RenderTarget.uasset" 234
"../../../Engine/Content/Functions/Engine_MaterialFunctions02/Utility/BreakOutFloat4Components.uasset" 235
"../../../Engine/Content/Functions/Engine_MaterialFunctions02/Utility/MakeFloat2.uasset" 236
"../../../Engine/Content/Functions/Engine_MaterialFunctions02/Utility/MakeFloat3.uasset" 237
"../../Plugins/Runtime/Oculus/OculusVR/Content/Materials/OculusMR_ChromaKey.uasset" 238
"../../Plugins/Runtime/Oculus/OculusVR/Content/Materials/OculusMR_ChromaKey_Lit.uasset" 239
"../../Plugins/Runtime/Oculus/OculusVR/Content/Materials/OculusMR_OpaqueColoredMaterial.uasset" 240
"../../Plugins/Runtime/Oculus/OculusVR/Content/Materials/OculusMR_WhiteMaterial.uasset" 241
"../../../../../../Users/auldl/OneDrive/Documents/Unreal Projects/ShopTillYaDrop/Content/Blueprints/Gameplay/BPI_Interact.uasset" 242
"../../../Engine/Content/BasicShapes/BasicShapeMaterial.uasset" 243
"../../../Engine/Content/Functions/Engine_MaterialFunctions01/Density/ExponentialDensity.uasset" 244
"../../../Engine/Content/Functions/Engine_MaterialFunctions01/Gradient/RadialGradientExponential.uasset" 245
"../../../../../../Users/auldl/OneDrive/Documents/Unreal Projects/ShopTillYaDrop/Content/Blueprints/GameControl/M_Cursor_Decal.uasset" 246
"../../../Engine/Content/BasicShapes/Cube.uasset" 247
"../../../../../../Users/auldl/OneDrive/Documents/Unreal Projects/ShopTillYaDrop/Content/Blueprints/Character/CharacterModels/PolygonCityChar/Textures/T_Polygon_City_Characters_04_A.uasset" 248
"../../../../../../Users/auldl/OneDrive/Documents/Unreal Projects/ShopTillYaDrop/Content/Blueprints/Character/CharacterModels/PolygonCityChar/Materials/Mat_Polygon_City_Char_04.uasset" 249
"../../../../../../Users/auldl/OneDrive/Documents/Unreal Projects/ShopTillYaDrop/Content/Blueprints/Character/CharacterModels/PolygonCityChar/Characters/SK_Character_Tourist_Physics.uasset" 250
"../../../../../../Users/auldl/OneDrive/Documents/Unreal Projects/ShopTillYaDrop/Content/Blueprints/Character/CharacterModels/PolygonCityChar/Characters/SK_Character_Tourist.uasset" 251
"../../../../../../Users/auldl/OneDrive/Documents/Unreal Projects/ShopTillYaDrop/Content/Blueprints/UI/HUD.uasset" 252
"../../../../../../Users/auldl/OneDrive/Documents/Unreal Projects/ShopTillYaDrop/Content/Blueprints/Character/ShopTillYaDropPawn.uasset" 253
"../../../Engine/Content/EngineSky/C_Sky_Cloud_Color.uasset" 254
"../../../Engine/Content/EngineSky/C_Sky_Horizon_Color.uasset" 255
"../../../Engine/Content/EngineSky/C_Sky_Zenith_Color.uasset" 256
"../../../Engine/Content/EngineSky/T_Sky_Blue.uasset" 257
"../../../Engine/Content/EngineSky/T_Sky_Clouds_M.uasset" 258
"../../../Engine/Content/EngineSky/T_Sky_Stars.uasset" 259
"../../../Engine/Content/EngineSky/M_Sky_Panning_Clouds2.uasset" 260
"../../../Engine/Content/EngineSky/SM_SkySphere.uasset" 261
"../../../Engine/Content/EngineSky/BP_Sky_Sphere.uasset" 262
"../../../../../../Users/auldl/OneDrive/Documents/Unreal Projects/ShopTillYaDrop/Content/Blueprints/SpawnItems/NoSpawnLocation.uasset" 263
"../../../../../../Users/auldl/OneDrive/Documents/Unreal Projects/ShopTillYaDrop/Content/Blueprints/SpawnItems/ItemMaterial.uasset" 264
"../../../../../../Users/auldl/OneDrive/Documents/Unreal Projects/ShopTillYaDrop/Content/Blueprints/SpawnItems/ShoppingItem_Base.uasset" 265
"../../../../../../Users/auldl/OneDrive/Documents/Unreal Projects/ShopTillYaDrop/Content/Blueprints/GameControl/Game_Manager.uasset" 266
"../../../../../../Users/auldl/OneDrive/Documents/Unreal Projects/ShopTillYaDrop/Content/Blueprints/GameControl/ShopTillYaDropController.uasset" 267
"../../../../../../Users/auldl/OneDrive/Documents/Unreal Projects/ShopTillYaDrop/Content/Blueprints/GameControl/ShopTillYaDropGamemode.uasset" 268
"../../../../../../Users/auldl/OneDrive/Documents/Unreal Projects/ShopTillYaDrop/Content/Maps/TopDownExampleMap_BuiltData.uasset" 269
"../../../../../../Users/auldl/OneDrive/Documents/Unreal Projects/ShopTillYaDrop/Content/Blueprints/SpawnItems/ItemMaterial_Inst.uasset" 270
"../../../../../../Users/auldl/OneDrive/Documents/Unreal Projects/ShopTillYaDrop/Content/Geometry/Meshes/1M_Cube.uasset" 271
"../../../../../../Users/auldl/OneDrive/Documents/Unreal Projects/ShopTillYaDrop/Content/Geometry/Meshes/1M_Cube_Chamfer.uasset" 272
"../../../../../../Users/auldl/OneDrive/Documents/Unreal Projects/ShopTillYaDrop/Content/Maps/TopDownExampleMap.umap" 273
"../../../../../../Users/auldl/OneDrive/Documents/Unreal Projects/ShopTillYaDrop/Content/Blueprints/SpawnItems/ItemMaterial_Inst1.uasset" 274
"../../../../../../Users/auldl/OneDrive/Documents/Unreal Projects/ShopTillYaDrop/Content/Blueprints/Gameplay/BP_DropOffPoint.uasset" 275
"../../../../../../Users/auldl/OneDrive/Documents/Unreal Projects/ShopTillYaDrop/Content/Maps/TopDownExampleMap1_BuiltData.uasset" 276
"../../../../../../Users/auldl/OneDrive/Documents/Unreal Projects/ShopTillYaDrop/Content/Maps/TopDownExampleMap1.umap" 277
"../../../Engine/Content/MapTemplates/SM_Template_Map_Floor.uasset" 278
"../../../../../../Users/auldl/OneDrive/Documents/Unreal Projects/ShopTillYaDrop/Content/Blueprints/Character/CharacterModels/PolygonCityChar/Maps/Overview.umap" 279
